2025-06-11 16:04:44 - Starting AssuranceApplication using Java 23 with PID 12825 (/home/ahmed-jalil/Bureau/Assurance/target/classes started by ahmed-jalil in /home/ahmed-jalil/Bureau/Assurance)
2025-06-11 16:04:44 - No active profile set, falling back to 1 default profile: "default"
2025-06-11 16:04:44 - Devtools property defaults active! Set 'spring.devtools.add-properties' to 'false' to disable
2025-06-11 16:04:44 - For additional web related logging consider setting the 'logging.level.web' property to 'DEBUG'
2025-06-11 16:04:45 - Bootstrapping Spring Data JPA repositories in DEFAULT mode.
2025-06-11 16:04:46 - Finished Spring Data repository scanning in 104 ms. Found 11 JPA repository interfaces.
2025-06-11 16:04:46 - Tomcat initialized with port 8080 (http)
2025-06-11 16:04:46 - Starting service [Tomcat]
2025-06-11 16:04:46 - Starting Servlet engine: [Apache Tomcat/10.1.41]
2025-06-11 16:04:46 - Initializing Spring embedded WebApplicationContext
2025-06-11 16:04:46 - Root WebApplicationContext: initialization completed in 2114 ms
2025-06-11 16:04:47 - HHH000204: Processing PersistenceUnitInfo [name: default]
2025-06-11 16:04:47 - HHH000412: Hibernate ORM core version 6.6.15.Final
2025-06-11 16:04:47 - HHH000026: Second-level cache disabled
2025-06-11 16:04:47 - No LoadTimeWeaver setup: ignoring JPA class transformer
2025-06-11 16:04:47 - HikariPool-1 - Starting...
2025-06-11 16:04:47 - HikariPool-1 - Added connection com.mysql.cj.jdbc.ConnectionImpl@1eece906
2025-06-11 16:04:47 - HikariPool-1 - Start completed.
2025-06-11 16:04:48 - HHH10001005: Database info:
	Database JDBC URL [Connecting through datasource 'HikariDataSource (HikariPool-1)']
	Database driver: undefined/unknown
	Database version: 8.0.41
	Autocommit mode: undefined/unknown
	Isolation level: undefined/unknown
	Minimum pool size: undefined/unknown
	Maximum pool size: undefined/unknown
2025-06-11 16:04:48 - HHH000038: Composite-id class does not override equals(): com.example.Assurance.Models.PrescritParGeneraliste$PrescritParGeneralisteId
2025-06-11 16:04:48 - HHH000039: Composite-id class does not override hashCode(): com.example.Assurance.Models.PrescritParGeneraliste$PrescritParGeneralisteId
2025-06-11 16:04:48 - HHH000038: Composite-id class does not override equals(): com.example.Assurance.Models.PrescritParSpecialiste$PrescritParSpecialisteId
2025-06-11 16:04:48 - HHH000039: Composite-id class does not override hashCode(): com.example.Assurance.Models.PrescritParSpecialiste$PrescritParSpecialisteId
2025-06-11 16:04:49 - HHH000489: No JTA platform available (set 'hibernate.transaction.jta.platform' to enable JTA platform integration)
2025-06-11 16:04:49 - Initialized JPA EntityManagerFactory for persistence unit 'default'
2025-06-11 16:04:50 - Hibernate is in classpath; If applicable, HQL parser will be used.
2025-06-11 16:04:51 - spring.jpa.open-in-view is enabled by default. Therefore, database queries may be performed during view rendering. Explicitly configure spring.jpa.open-in-view to disable this warning
2025-06-11 16:04:51 - LiveReload server is running on port 35729
2025-06-11 16:04:51 - Tomcat started on port 8080 (http) with context path '/'
2025-06-11 16:04:51 - Started AssuranceApplication in 8.013 seconds (process running for 9.219)
2025-06-11 16:14:01 - Initializing Spring DispatcherServlet 'dispatcherServlet'
2025-06-11 16:14:01 - Initializing Servlet 'dispatcherServlet'
2025-06-11 16:14:01 - Completed initialization in 3 ms
2025-06-11 16:14:12 - 
    select
        u1_0.id_user,
        u1_0.id_agent,
        u1_0.login,
        u1_0.num_med_gen,
        u1_0.num_med_spe,
        u1_0.mot_de_passe 
    from
        users u1_0 
    where
        u1_0.login=?
2025-06-11 16:14:12 - 
    select
        ass1_0.id_agent,
        ass1_0.nom,
        ass1_0.prenom,
        ass1_0.sexe,
        u1_0.id_user,
        u1_0.login,
        mg1_0.num_med_gen,
        mg1_0.nom,
        mg1_0.prenom,
        mg1_0.sexe,
        ms1_0.num_med_spe,
        ms1_0.nom,
        ms1_0.prenom,
        ms1_0.sexe,
        ms1_0.specialite,
        u1_0.mot_de_passe 
    from
        agent_securite_sociale ass1_0 
    left join
        users u1_0 
            on ass1_0.id_agent=u1_0.id_agent 
    left join
        medecin_generaliste mg1_0 
            on mg1_0.num_med_gen=u1_0.num_med_gen 
    left join
        medecin_specialiste ms1_0 
            on ms1_0.num_med_spe=u1_0.num_med_spe 
    where
        ass1_0.id_agent=?
2025-06-11 16:14:12 - 
    select
        a1_0.num_patient,
        a1_0.date_naissance,
        a1_0.num_med_gen,
        a1_0.nom,
        a1_0.prenom,
        a1_0.sexe 
    from
        assure a1_0
2025-06-11 16:14:12 - 
    select
        mg1_0.num_med_gen,
        mg1_0.nom,
        mg1_0.prenom,
        mg1_0.sexe 
    from
        medecin_generaliste mg1_0
2025-06-11 16:14:12 - 
    select
        u1_0.id_user,
        ass1_0.id_agent,
        ass1_0.nom,
        ass1_0.prenom,
        ass1_0.sexe,
        u1_0.login,
        mg1_0.num_med_gen,
        mg1_0.nom,
        mg1_0.prenom,
        mg1_0.sexe,
        ms1_0.num_med_spe,
        ms1_0.nom,
        ms1_0.prenom,
        ms1_0.sexe,
        ms1_0.specialite,
        u1_0.mot_de_passe 
    from
        users u1_0 
    left join
        agent_securite_sociale ass1_0 
            on ass1_0.id_agent=u1_0.id_agent 
    left join
        medecin_generaliste mg1_0 
            on mg1_0.num_med_gen=u1_0.num_med_gen 
    left join
        medecin_specialiste ms1_0 
            on ms1_0.num_med_spe=u1_0.num_med_spe 
    where
        u1_0.num_med_gen=?
2025-06-11 16:14:12 - 
    select
        u1_0.id_user,
        ass1_0.id_agent,
        ass1_0.nom,
        ass1_0.prenom,
        ass1_0.sexe,
        u1_0.login,
        mg1_0.num_med_gen,
        mg1_0.nom,
        mg1_0.prenom,
        mg1_0.sexe,
        ms1_0.num_med_spe,
        ms1_0.nom,
        ms1_0.prenom,
        ms1_0.sexe,
        ms1_0.specialite,
        u1_0.mot_de_passe 
    from
        users u1_0 
    left join
        agent_securite_sociale ass1_0 
            on ass1_0.id_agent=u1_0.id_agent 
    left join
        medecin_generaliste mg1_0 
            on mg1_0.num_med_gen=u1_0.num_med_gen 
    left join
        medecin_specialiste ms1_0 
            on ms1_0.num_med_spe=u1_0.num_med_spe 
    where
        u1_0.num_med_gen=?
2025-06-11 16:17:10 - Commencing graceful shutdown. Waiting for active requests to complete
2025-06-11 16:17:10 - Graceful shutdown complete
2025-06-11 16:17:10 - Closing JPA EntityManagerFactory for persistence unit 'default'
2025-06-11 16:17:10 - HikariPool-1 - Shutdown initiated...
2025-06-11 16:17:10 - HikariPool-1 - Shutdown completed.
2025-06-11 16:17:16 - Starting AssuranceApplication using Java 23 with PID 13519 (/home/ahmed-jalil/Bureau/Assurance/target/classes started by ahmed-jalil in /home/ahmed-jalil/Bureau/Assurance)
2025-06-11 16:17:16 - No active profile set, falling back to 1 default profile: "default"
2025-06-11 16:17:16 - Devtools property defaults active! Set 'spring.devtools.add-properties' to 'false' to disable
2025-06-11 16:17:16 - For additional web related logging consider setting the 'logging.level.web' property to 'DEBUG'
2025-06-11 16:17:19 - Bootstrapping Spring Data JPA repositories in DEFAULT mode.
2025-06-11 16:17:19 - Finished Spring Data repository scanning in 163 ms. Found 11 JPA repository interfaces.
2025-06-11 16:17:21 - Tomcat initialized with port 8080 (http)
2025-06-11 16:17:21 - Starting service [Tomcat]
2025-06-11 16:17:21 - Starting Servlet engine: [Apache Tomcat/10.1.41]
2025-06-11 16:17:21 - Initializing Spring embedded WebApplicationContext
2025-06-11 16:17:21 - Root WebApplicationContext: initialization completed in 4637 ms
2025-06-11 16:17:21 - HHH000204: Processing PersistenceUnitInfo [name: default]
2025-06-11 16:17:21 - HHH000412: Hibernate ORM core version 6.6.15.Final
2025-06-11 16:17:21 - HHH000026: Second-level cache disabled
2025-06-11 16:17:22 - No LoadTimeWeaver setup: ignoring JPA class transformer
2025-06-11 16:17:22 - HikariPool-1 - Starting...
2025-06-11 16:17:23 - HikariPool-1 - Added connection com.mysql.cj.jdbc.ConnectionImpl@24a81203
2025-06-11 16:17:23 - HikariPool-1 - Start completed.
2025-06-11 16:17:23 - HHH10001005: Database info:
	Database JDBC URL [Connecting through datasource 'HikariDataSource (HikariPool-1)']
	Database driver: undefined/unknown
	Database version: 8.0.41
	Autocommit mode: undefined/unknown
	Isolation level: undefined/unknown
	Minimum pool size: undefined/unknown
	Maximum pool size: undefined/unknown
2025-06-11 16:17:24 - HHH000038: Composite-id class does not override equals(): com.example.Assurance.Models.PrescritParGeneraliste$PrescritParGeneralisteId
2025-06-11 16:17:24 - HHH000039: Composite-id class does not override hashCode(): com.example.Assurance.Models.PrescritParGeneraliste$PrescritParGeneralisteId
2025-06-11 16:17:24 - HHH000038: Composite-id class does not override equals(): com.example.Assurance.Models.PrescritParSpecialiste$PrescritParSpecialisteId
2025-06-11 16:17:24 - HHH000039: Composite-id class does not override hashCode(): com.example.Assurance.Models.PrescritParSpecialiste$PrescritParSpecialisteId
2025-06-11 16:17:25 - HHH000489: No JTA platform available (set 'hibernate.transaction.jta.platform' to enable JTA platform integration)
2025-06-11 16:17:25 - Initialized JPA EntityManagerFactory for persistence unit 'default'
2025-06-11 16:17:27 - Hibernate is in classpath; If applicable, HQL parser will be used.
2025-06-11 16:17:29 - spring.jpa.open-in-view is enabled by default. Therefore, database queries may be performed during view rendering. Explicitly configure spring.jpa.open-in-view to disable this warning
2025-06-11 16:17:29 - LiveReload server is running on port 35729
2025-06-11 16:17:29 - Tomcat started on port 8080 (http) with context path '/'
2025-06-11 16:17:29 - Started AssuranceApplication in 15.073 seconds (process running for 16.624)
2025-06-11 16:24:46 - Initializing Spring DispatcherServlet 'dispatcherServlet'
2025-06-11 16:24:46 - Initializing Servlet 'dispatcherServlet'
2025-06-11 16:24:46 - Completed initialization in 3 ms
2025-06-11 16:24:46 - 
    select
        u1_0.id_user,
        u1_0.id_agent,
        u1_0.login,
        u1_0.num_med_gen,
        u1_0.num_med_spe,
        u1_0.mot_de_passe 
    from
        users u1_0 
    where
        u1_0.login=?
2025-06-11 16:24:46 - 
    select
        ass1_0.id_agent,
        ass1_0.nom,
        ass1_0.prenom,
        ass1_0.sexe,
        u1_0.id_user,
        u1_0.login,
        mg1_0.num_med_gen,
        mg1_0.nom,
        mg1_0.prenom,
        mg1_0.sexe,
        ms1_0.num_med_spe,
        ms1_0.nom,
        ms1_0.prenom,
        ms1_0.sexe,
        ms1_0.specialite,
        u1_0.mot_de_passe 
    from
        agent_securite_sociale ass1_0 
    left join
        users u1_0 
            on ass1_0.id_agent=u1_0.id_agent 
    left join
        medecin_generaliste mg1_0 
            on mg1_0.num_med_gen=u1_0.num_med_gen 
    left join
        medecin_specialiste ms1_0 
            on ms1_0.num_med_spe=u1_0.num_med_spe 
    where
        ass1_0.id_agent=?
2025-06-11 16:24:46 - 
    select
        a1_0.num_patient,
        a1_0.date_naissance,
        a1_0.num_med_gen,
        a1_0.nom,
        a1_0.prenom,
        a1_0.sexe 
    from
        assure a1_0
2025-06-11 16:24:46 - 
    select
        mg1_0.num_med_gen,
        mg1_0.nom,
        mg1_0.prenom,
        mg1_0.sexe 
    from
        medecin_generaliste mg1_0
2025-06-11 16:24:46 - 
    select
        u1_0.id_user,
        ass1_0.id_agent,
        ass1_0.nom,
        ass1_0.prenom,
        ass1_0.sexe,
        u1_0.login,
        mg1_0.num_med_gen,
        mg1_0.nom,
        mg1_0.prenom,
        mg1_0.sexe,
        ms1_0.num_med_spe,
        ms1_0.nom,
        ms1_0.prenom,
        ms1_0.sexe,
        ms1_0.specialite,
        u1_0.mot_de_passe 
    from
        users u1_0 
    left join
        agent_securite_sociale ass1_0 
            on ass1_0.id_agent=u1_0.id_agent 
    left join
        medecin_generaliste mg1_0 
            on mg1_0.num_med_gen=u1_0.num_med_gen 
    left join
        medecin_specialiste ms1_0 
            on ms1_0.num_med_spe=u1_0.num_med_spe 
    where
        u1_0.num_med_gen=?
2025-06-11 16:24:46 - 
    select
        u1_0.id_user,
        ass1_0.id_agent,
        ass1_0.nom,
        ass1_0.prenom,
        ass1_0.sexe,
        u1_0.login,
        mg1_0.num_med_gen,
        mg1_0.nom,
        mg1_0.prenom,
        mg1_0.sexe,
        ms1_0.num_med_spe,
        ms1_0.nom,
        ms1_0.prenom,
        ms1_0.sexe,
        ms1_0.specialite,
        u1_0.mot_de_passe 
    from
        users u1_0 
    left join
        agent_securite_sociale ass1_0 
            on ass1_0.id_agent=u1_0.id_agent 
    left join
        medecin_generaliste mg1_0 
            on mg1_0.num_med_gen=u1_0.num_med_gen 
    left join
        medecin_specialiste ms1_0 
            on ms1_0.num_med_spe=u1_0.num_med_spe 
    where
        u1_0.num_med_gen=?
2025-06-11 16:25:19 - 
    select
        u1_0.id_user,
        u1_0.id_agent,
        u1_0.login,
        u1_0.num_med_gen,
        u1_0.num_med_spe,
        u1_0.mot_de_passe 
    from
        users u1_0 
    where
        u1_0.login=?
2025-06-11 16:25:19 - 
    select
        ass1_0.id_agent,
        ass1_0.nom,
        ass1_0.prenom,
        ass1_0.sexe,
        u1_0.id_user,
        u1_0.login,
        mg1_0.num_med_gen,
        mg1_0.nom,
        mg1_0.prenom,
        mg1_0.sexe,
        ms1_0.num_med_spe,
        ms1_0.nom,
        ms1_0.prenom,
        ms1_0.sexe,
        ms1_0.specialite,
        u1_0.mot_de_passe 
    from
        agent_securite_sociale ass1_0 
    left join
        users u1_0 
            on ass1_0.id_agent=u1_0.id_agent 
    left join
        medecin_generaliste mg1_0 
            on mg1_0.num_med_gen=u1_0.num_med_gen 
    left join
        medecin_specialiste ms1_0 
            on ms1_0.num_med_spe=u1_0.num_med_spe 
    where
        ass1_0.id_agent=?
2025-06-11 16:25:19 - 
    select
        a1_0.num_patient,
        a1_0.date_naissance,
        a1_0.num_med_gen,
        a1_0.nom,
        a1_0.prenom,
        a1_0.sexe 
    from
        assure a1_0
2025-06-11 16:25:19 - 
    select
        mg1_0.num_med_gen,
        mg1_0.nom,
        mg1_0.prenom,
        mg1_0.sexe 
    from
        medecin_generaliste mg1_0
2025-06-11 16:25:19 - 
    select
        u1_0.id_user,
        ass1_0.id_agent,
        ass1_0.nom,
        ass1_0.prenom,
        ass1_0.sexe,
        u1_0.login,
        mg1_0.num_med_gen,
        mg1_0.nom,
        mg1_0.prenom,
        mg1_0.sexe,
        ms1_0.num_med_spe,
        ms1_0.nom,
        ms1_0.prenom,
        ms1_0.sexe,
        ms1_0.specialite,
        u1_0.mot_de_passe 
    from
        users u1_0 
    left join
        agent_securite_sociale ass1_0 
            on ass1_0.id_agent=u1_0.id_agent 
    left join
        medecin_generaliste mg1_0 
            on mg1_0.num_med_gen=u1_0.num_med_gen 
    left join
        medecin_specialiste ms1_0 
            on ms1_0.num_med_spe=u1_0.num_med_spe 
    where
        u1_0.num_med_gen=?
2025-06-11 16:25:19 - 
    select
        u1_0.id_user,
        ass1_0.id_agent,
        ass1_0.nom,
        ass1_0.prenom,
        ass1_0.sexe,
        u1_0.login,
        mg1_0.num_med_gen,
        mg1_0.nom,
        mg1_0.prenom,
        mg1_0.sexe,
        ms1_0.num_med_spe,
        ms1_0.nom,
        ms1_0.prenom,
        ms1_0.sexe,
        ms1_0.specialite,
        u1_0.mot_de_passe 
    from
        users u1_0 
    left join
        agent_securite_sociale ass1_0 
            on ass1_0.id_agent=u1_0.id_agent 
    left join
        medecin_generaliste mg1_0 
            on mg1_0.num_med_gen=u1_0.num_med_gen 
    left join
        medecin_specialiste ms1_0 
            on ms1_0.num_med_spe=u1_0.num_med_spe 
    where
        u1_0.num_med_gen=?
2025-06-11 16:25:47 - Commencing graceful shutdown. Waiting for active requests to complete
2025-06-11 16:25:47 - Graceful shutdown complete
2025-06-11 16:25:47 - Closing JPA EntityManagerFactory for persistence unit 'default'
2025-06-11 16:25:47 - HikariPool-1 - Shutdown initiated...
2025-06-11 16:25:48 - HikariPool-1 - Shutdown completed.
2025-06-11 16:25:54 - Starting AssuranceApplication using Java 23 with PID 13737 (/home/ahmed-jalil/Bureau/Assurance/target/classes started by ahmed-jalil in /home/ahmed-jalil/Bureau/Assurance)
2025-06-11 16:25:54 - No active profile set, falling back to 1 default profile: "default"
2025-06-11 16:25:54 - Devtools property defaults active! Set 'spring.devtools.add-properties' to 'false' to disable
2025-06-11 16:25:54 - For additional web related logging consider setting the 'logging.level.web' property to 'DEBUG'
2025-06-11 16:25:57 - Bootstrapping Spring Data JPA repositories in DEFAULT mode.
2025-06-11 16:25:57 - Finished Spring Data repository scanning in 181 ms. Found 11 JPA repository interfaces.
2025-06-11 16:25:59 - Tomcat initialized with port 8080 (http)
2025-06-11 16:25:59 - Starting service [Tomcat]
2025-06-11 16:25:59 - Starting Servlet engine: [Apache Tomcat/10.1.41]
2025-06-11 16:25:59 - Initializing Spring embedded WebApplicationContext
2025-06-11 16:25:59 - Root WebApplicationContext: initialization completed in 4675 ms
2025-06-11 16:25:59 - HHH000204: Processing PersistenceUnitInfo [name: default]
2025-06-11 16:25:59 - HHH000412: Hibernate ORM core version 6.6.15.Final
2025-06-11 16:25:59 - HHH000026: Second-level cache disabled
2025-06-11 16:26:00 - No LoadTimeWeaver setup: ignoring JPA class transformer
2025-06-11 16:26:00 - HikariPool-1 - Starting...
2025-06-11 16:26:00 - HikariPool-1 - Added connection com.mysql.cj.jdbc.ConnectionImpl@2198ffbb
2025-06-11 16:26:00 - HikariPool-1 - Start completed.
2025-06-11 16:26:01 - HHH10001005: Database info:
	Database JDBC URL [Connecting through datasource 'HikariDataSource (HikariPool-1)']
	Database driver: undefined/unknown
	Database version: 8.0.41
	Autocommit mode: undefined/unknown
	Isolation level: undefined/unknown
	Minimum pool size: undefined/unknown
	Maximum pool size: undefined/unknown
2025-06-11 16:26:02 - HHH000038: Composite-id class does not override equals(): com.example.Assurance.Models.PrescritParGeneraliste$PrescritParGeneralisteId
2025-06-11 16:26:02 - HHH000039: Composite-id class does not override hashCode(): com.example.Assurance.Models.PrescritParGeneraliste$PrescritParGeneralisteId
2025-06-11 16:26:02 - HHH000038: Composite-id class does not override equals(): com.example.Assurance.Models.PrescritParSpecialiste$PrescritParSpecialisteId
2025-06-11 16:26:02 - HHH000039: Composite-id class does not override hashCode(): com.example.Assurance.Models.PrescritParSpecialiste$PrescritParSpecialisteId
2025-06-11 16:26:03 - HHH000489: No JTA platform available (set 'hibernate.transaction.jta.platform' to enable JTA platform integration)
2025-06-11 16:26:04 - Initialized JPA EntityManagerFactory for persistence unit 'default'
2025-06-11 16:26:06 - Hibernate is in classpath; If applicable, HQL parser will be used.
2025-06-11 16:26:07 - spring.jpa.open-in-view is enabled by default. Therefore, database queries may be performed during view rendering. Explicitly configure spring.jpa.open-in-view to disable this warning
2025-06-11 16:26:08 - LiveReload server is running on port 35729
2025-06-11 16:26:08 - Tomcat started on port 8080 (http) with context path '/'
2025-06-11 16:26:09 - Started AssuranceApplication in 16.601 seconds (process running for 17.982)
2025-06-11 16:28:28 - Initializing Spring DispatcherServlet 'dispatcherServlet'
2025-06-11 16:28:28 - Initializing Servlet 'dispatcherServlet'
2025-06-11 16:28:28 - Completed initialization in 8 ms
2025-06-11 16:28:29 - 
    select
        u1_0.id_user,
        u1_0.id_agent,
        u1_0.login,
        u1_0.num_med_gen,
        u1_0.num_med_spe,
        u1_0.mot_de_passe 
    from
        users u1_0 
    where
        u1_0.login=?
2025-06-11 16:28:29 - 
    select
        ass1_0.id_agent,
        ass1_0.nom,
        ass1_0.prenom,
        ass1_0.sexe,
        u1_0.id_user,
        u1_0.login,
        mg1_0.num_med_gen,
        mg1_0.nom,
        mg1_0.prenom,
        mg1_0.sexe,
        ms1_0.num_med_spe,
        ms1_0.nom,
        ms1_0.prenom,
        ms1_0.sexe,
        ms1_0.specialite,
        u1_0.mot_de_passe 
    from
        agent_securite_sociale ass1_0 
    left join
        users u1_0 
            on ass1_0.id_agent=u1_0.id_agent 
    left join
        medecin_generaliste mg1_0 
            on mg1_0.num_med_gen=u1_0.num_med_gen 
    left join
        medecin_specialiste ms1_0 
            on ms1_0.num_med_spe=u1_0.num_med_spe 
    where
        ass1_0.id_agent=?
2025-06-11 16:28:29 - 
    select
        a1_0.num_patient,
        a1_0.date_naissance,
        a1_0.num_med_gen,
        a1_0.nom,
        a1_0.prenom,
        a1_0.sexe 
    from
        assure a1_0
2025-06-11 16:28:29 - 
    select
        mg1_0.num_med_gen,
        mg1_0.nom,
        mg1_0.prenom,
        mg1_0.sexe 
    from
        medecin_generaliste mg1_0
2025-06-11 16:28:29 - 
    select
        u1_0.id_user,
        ass1_0.id_agent,
        ass1_0.nom,
        ass1_0.prenom,
        ass1_0.sexe,
        u1_0.login,
        mg1_0.num_med_gen,
        mg1_0.nom,
        mg1_0.prenom,
        mg1_0.sexe,
        ms1_0.num_med_spe,
        ms1_0.nom,
        ms1_0.prenom,
        ms1_0.sexe,
        ms1_0.specialite,
        u1_0.mot_de_passe 
    from
        users u1_0 
    left join
        agent_securite_sociale ass1_0 
            on ass1_0.id_agent=u1_0.id_agent 
    left join
        medecin_generaliste mg1_0 
            on mg1_0.num_med_gen=u1_0.num_med_gen 
    left join
        medecin_specialiste ms1_0 
            on ms1_0.num_med_spe=u1_0.num_med_spe 
    where
        u1_0.num_med_gen=?
2025-06-11 16:28:29 - 
    select
        u1_0.id_user,
        ass1_0.id_agent,
        ass1_0.nom,
        ass1_0.prenom,
        ass1_0.sexe,
        u1_0.login,
        mg1_0.num_med_gen,
        mg1_0.nom,
        mg1_0.prenom,
        mg1_0.sexe,
        ms1_0.num_med_spe,
        ms1_0.nom,
        ms1_0.prenom,
        ms1_0.sexe,
        ms1_0.specialite,
        u1_0.mot_de_passe 
    from
        users u1_0 
    left join
        agent_securite_sociale ass1_0 
            on ass1_0.id_agent=u1_0.id_agent 
    left join
        medecin_generaliste mg1_0 
            on mg1_0.num_med_gen=u1_0.num_med_gen 
    left join
        medecin_specialiste ms1_0 
            on ms1_0.num_med_spe=u1_0.num_med_spe 
    where
        u1_0.num_med_gen=?
